{"timestamp":"2026-02-27T04:27:41.554481Z","level":"info","event":"Filling up the DagBag from /opt/airflow/dags/__pycache__/six_tasks.py","logger":"airflow.models.dagbag.BundleDagBag","filename":"dagbag.py","lineno":593}
{"timestamp":"2026-02-27T04:28:13.044319Z","level":"info","event":"Filling up the DagBag from /opt/airflow/dags/__pycache__/six_tasks.py","logger":"airflow.models.dagbag.BundleDagBag","filename":"dagbag.py","lineno":593}
{"timestamp":"2026-02-27T04:28:43.833499Z","level":"info","event":"Filling up the DagBag from /opt/airflow/dags/__pycache__/six_tasks.py","logger":"airflow.models.dagbag.BundleDagBag","filename":"dagbag.py","lineno":593}
{"timestamp":"2026-02-27T04:29:14.121387Z","level":"info","event":"Filling up the DagBag from /opt/airflow/dags/__pycache__/six_tasks.py","logger":"airflow.models.dagbag.BundleDagBag","filename":"dagbag.py","lineno":593}
{"timestamp":"2026-02-27T04:29:44.517529Z","level":"info","event":"Filling up the DagBag from /opt/airflow/dags/__pycache__/six_tasks.py","logger":"airflow.models.dagbag.BundleDagBag","filename":"dagbag.py","lineno":593}
{"timestamp":"2026-02-27T04:30:15.110605Z","level":"info","event":"Filling up the DagBag from /opt/airflow/dags/__pycache__/six_tasks.py","logger":"airflow.models.dagbag.BundleDagBag","filename":"dagbag.py","lineno":593}
{"timestamp":"2026-02-27T04:30:45.527825Z","level":"info","event":"Filling up the DagBag from /opt/airflow/dags/__pycache__/six_tasks.py","logger":"airflow.models.dagbag.BundleDagBag","filename":"dagbag.py","lineno":593}
{"timestamp":"2026-02-27T04:31:16.115104Z","level":"info","event":"Filling up the DagBag from /opt/airflow/dags/__pycache__/six_tasks.py","logger":"airflow.models.dagbag.BundleDagBag","filename":"dagbag.py","lineno":593}
{"timestamp":"2026-02-27T04:31:46.415110Z","level":"info","event":"Filling up the DagBag from /opt/airflow/dags/__pycache__/six_tasks.py","logger":"airflow.models.dagbag.BundleDagBag","filename":"dagbag.py","lineno":593}
{"timestamp":"2026-02-27T04:32:16.756710Z","level":"info","event":"Filling up the DagBag from /opt/airflow/dags/__pycache__/six_tasks.py","logger":"airflow.models.dagbag.BundleDagBag","filename":"dagbag.py","lineno":593}
{"timestamp":"2026-02-27T04:32:47.065602Z","level":"info","event":"Filling up the DagBag from /opt/airflow/dags/__pycache__/six_tasks.py","logger":"airflow.models.dagbag.BundleDagBag","filename":"dagbag.py","lineno":593}
{"timestamp":"2026-02-27T04:33:17.334494Z","level":"info","event":"Filling up the DagBag from /opt/airflow/dags/__pycache__/six_tasks.py","logger":"airflow.models.dagbag.BundleDagBag","filename":"dagbag.py","lineno":593}
{"timestamp":"2026-02-27T04:33:47.930891Z","level":"info","event":"Filling up the DagBag from /opt/airflow/dags/__pycache__/six_tasks.py","logger":"airflow.models.dagbag.BundleDagBag","filename":"dagbag.py","lineno":593}
{"timestamp":"2026-02-27T04:34:18.213946Z","level":"info","event":"Filling up the DagBag from /opt/airflow/dags/__pycache__/six_tasks.py","logger":"airflow.models.dagbag.BundleDagBag","filename":"dagbag.py","lineno":593}
{"timestamp":"2026-02-27T04:34:48.635381Z","level":"info","event":"Filling up the DagBag from /opt/airflow/dags/__pycache__/six_tasks.py","logger":"airflow.models.dagbag.BundleDagBag","filename":"dagbag.py","lineno":593}
{"timestamp":"2026-02-27T04:35:18.847563Z","level":"info","event":"Filling up the DagBag from /opt/airflow/dags/__pycache__/six_tasks.py","logger":"airflow.models.dagbag.BundleDagBag","filename":"dagbag.py","lineno":593}
{"timestamp":"2026-02-27T04:35:49.169481Z","level":"info","event":"Filling up the DagBag from /opt/airflow/dags/__pycache__/six_tasks.py","logger":"airflow.models.dagbag.BundleDagBag","filename":"dagbag.py","lineno":593}
{"timestamp":"2026-02-27T04:36:19.881581Z","level":"info","event":"Filling up the DagBag from /opt/airflow/dags/__pycache__/six_tasks.py","logger":"airflow.models.dagbag.BundleDagBag","filename":"dagbag.py","lineno":593}
{"timestamp":"2026-02-27T04:36:50.293470Z","level":"info","event":"Filling up the DagBag from /opt/airflow/dags/__pycache__/six_tasks.py","logger":"airflow.models.dagbag.BundleDagBag","filename":"dagbag.py","lineno":593}
{"timestamp":"2026-02-27T04:37:20.549022Z","level":"info","event":"Filling up the DagBag from /opt/airflow/dags/__pycache__/six_tasks.py","logger":"airflow.models.dagbag.BundleDagBag","filename":"dagbag.py","lineno":593}
{"timestamp":"2026-02-27T04:37:51.076900Z","level":"info","event":"Filling up the DagBag from /opt/airflow/dags/__pycache__/six_tasks.py","logger":"airflow.models.dagbag.BundleDagBag","filename":"dagbag.py","lineno":593}
{"timestamp":"2026-02-27T04:38:21.312471Z","level":"info","event":"Filling up the DagBag from /opt/airflow/dags/__pycache__/six_tasks.py","logger":"airflow.models.dagbag.BundleDagBag","filename":"dagbag.py","lineno":593}
{"timestamp":"2026-02-27T04:38:51.801167Z","level":"info","event":"Filling up the DagBag from /opt/airflow/dags/__pycache__/six_tasks.py","logger":"airflow.models.dagbag.BundleDagBag","filename":"dagbag.py","lineno":593}
{"timestamp":"2026-02-27T04:39:22.227463Z","level":"info","event":"Filling up the DagBag from /opt/airflow/dags/__pycache__/six_tasks.py","logger":"airflow.models.dagbag.BundleDagBag","filename":"dagbag.py","lineno":593}
{"timestamp":"2026-02-27T04:39:52.673872Z","level":"info","event":"Filling up the DagBag from /opt/airflow/dags/__pycache__/six_tasks.py","logger":"airflow.models.dagbag.BundleDagBag","filename":"dagbag.py","lineno":593}
{"timestamp":"2026-02-27T04:40:22.896949Z","level":"info","event":"Filling up the DagBag from /opt/airflow/dags/__pycache__/six_tasks.py","logger":"airflow.models.dagbag.BundleDagBag","filename":"dagbag.py","lineno":593}
{"timestamp":"2026-02-27T04:40:53.963093Z","level":"info","event":"Filling up the DagBag from /opt/airflow/dags/__pycache__/six_tasks.py","logger":"airflow.models.dagbag.BundleDagBag","filename":"dagbag.py","lineno":593}
{"timestamp":"2026-02-27T04:41:24.334545Z","level":"info","event":"Filling up the DagBag from /opt/airflow/dags/__pycache__/six_tasks.py","logger":"airflow.models.dagbag.BundleDagBag","filename":"dagbag.py","lineno":593}
{"timestamp":"2026-02-27T04:41:54.696870Z","level":"info","event":"Filling up the DagBag from /opt/airflow/dags/__pycache__/six_tasks.py","logger":"airflow.models.dagbag.BundleDagBag","filename":"dagbag.py","lineno":593}
{"timestamp":"2026-02-27T04:42:25.062949Z","level":"info","event":"Filling up the DagBag from /opt/airflow/dags/__pycache__/six_tasks.py","logger":"airflow.models.dagbag.BundleDagBag","filename":"dagbag.py","lineno":593}
{"timestamp":"2026-02-27T04:42:55.653206Z","level":"info","event":"Filling up the DagBag from /opt/airflow/dags/__pycache__/six_tasks.py","logger":"airflow.models.dagbag.BundleDagBag","filename":"dagbag.py","lineno":593}
{"timestamp":"2026-02-27T04:43:26.393076Z","level":"info","event":"Filling up the DagBag from /opt/airflow/dags/__pycache__/six_tasks.py","logger":"airflow.models.dagbag.BundleDagBag","filename":"dagbag.py","lineno":593}
{"timestamp":"2026-02-27T04:43:56.907916Z","level":"info","event":"Filling up the DagBag from /opt/airflow/dags/__pycache__/six_tasks.py","logger":"airflow.models.dagbag.BundleDagBag","filename":"dagbag.py","lineno":593}
{"timestamp":"2026-02-27T04:44:27.380365Z","level":"info","event":"Filling up the DagBag from /opt/airflow/dags/__pycache__/six_tasks.py","logger":"airflow.models.dagbag.BundleDagBag","filename":"dagbag.py","lineno":593}
{"timestamp":"2026-02-27T04:44:31.555294Z","level":"info","event":"Filling up the DagBag from /opt/airflow/dags/__pycache__/six_tasks.py","logger":"airflow.models.dagbag.BundleDagBag","filename":"dagbag.py","lineno":593}
{"timestamp":"2026-02-27T04:44:31.611012Z","level":"error","event":"Failed to import: /opt/airflow/dags/__pycache__/six_tasks.py","logger":"airflow.models.dagbag.BundleDagBag","filename":"dagbag.py","lineno":415,"error_detail":[{"exc_type":"DuplicateTaskIdFound","exc_value":"Task id 'task_F' has already been added to the Dag","exc_notes":[],"syntax_error":null,"is_cause":false,"frames":[{"filename":"/home/airflow/.local/lib/python3.12/site-packages/airflow/models/dagbag.py","lineno":405,"name":"parse"},{"filename":"<frozen importlib._bootstrap_external>","lineno":999,"name":"exec_module"},{"filename":"<frozen importlib._bootstrap>","lineno":488,"name":"_call_with_frames_removed"},{"filename":"/opt/airflow/dags/__pycache__/six_tasks.py","lineno":48,"name":"<module>"},{"filename":"/home/airflow/.local/lib/python3.12/site-packages/airflow/sdk/bases/operator.py","lineno":522,"name":"apply_defaults"},{"filename":"/home/airflow/.local/lib/python3.12/site-packages/airflow/providers/standard/operators/bash.py","lineno":168,"name":"__init__"},{"filename":"/home/airflow/.local/lib/python3.12/site-packages/airflow/sdk/bases/operator.py","lineno":522,"name":"apply_defaults"},{"filename":"/home/airflow/.local/lib/python3.12/site-packages/airflow/sdk/bases/operator.py","lineno":1043,"name":"__init__"},{"filename":"/home/airflow/.local/lib/python3.12/site-packages/airflow/sdk/definitions/taskgroup.py","lineno":245,"name":"add"}],"is_group":false,"exceptions":[]}]}
{"timestamp":"2026-02-27T04:44:39.965254Z","level":"info","event":"Filling up the DagBag from /opt/airflow/dags/__pycache__/six_tasks.py","logger":"airflow.models.dagbag.BundleDagBag","filename":"dagbag.py","lineno":593}
{"timestamp":"2026-02-27T04:44:39.995077Z","level":"error","event":"Failed to import: /opt/airflow/dags/__pycache__/six_tasks.py","logger":"airflow.models.dagbag.BundleDagBag","filename":"dagbag.py","lineno":415,"error_detail":[{"exc_type":"IndentationError","exc_value":"unexpected indent (six_tasks.py, line 48)","exc_notes":[],"syntax_error":{"offset":1,"filename":"/opt/airflow/dags/__pycache__/six_tasks.py","line":" = BashOperator(\n","lineno":48,"msg":"unexpected indent"},"is_cause":false,"frames":[{"filename":"/home/airflow/.local/lib/python3.12/site-packages/airflow/models/dagbag.py","lineno":405,"name":"parse"},{"filename":"<frozen importlib._bootstrap_external>","lineno":995,"name":"exec_module"},{"filename":"<frozen importlib._bootstrap_external>","lineno":1133,"name":"get_code"},{"filename":"<frozen importlib._bootstrap_external>","lineno":1063,"name":"source_to_code"},{"filename":"<frozen importlib._bootstrap>","lineno":488,"name":"_call_with_frames_removed"}],"is_group":false,"exceptions":[]}]}
{"timestamp":"2026-02-27T04:44:40.789138Z","level":"info","event":"Filling up the DagBag from /opt/airflow/dags/__pycache__/six_tasks.py","logger":"airflow.models.dagbag.BundleDagBag","filename":"dagbag.py","lineno":593}
{"timestamp":"2026-02-27T04:44:40.870862Z","level":"error","event":"Failed to import: /opt/airflow/dags/__pycache__/six_tasks.py","logger":"airflow.models.dagbag.BundleDagBag","filename":"dagbag.py","lineno":415,"error_detail":[{"exc_type":"DuplicateTaskIdFound","exc_value":"Task id 'task_F' has already been added to the Dag","exc_notes":[],"syntax_error":null,"is_cause":false,"frames":[{"filename":"/home/airflow/.local/lib/python3.12/site-packages/airflow/models/dagbag.py","lineno":405,"name":"parse"},{"filename":"<frozen importlib._bootstrap_external>","lineno":999,"name":"exec_module"},{"filename":"<frozen importlib._bootstrap>","lineno":488,"name":"_call_with_frames_removed"},{"filename":"/opt/airflow/dags/__pycache__/six_tasks.py","lineno":48,"name":"<module>"},{"filename":"/home/airflow/.local/lib/python3.12/site-packages/airflow/sdk/bases/operator.py","lineno":522,"name":"apply_defaults"},{"filename":"/home/airflow/.local/lib/python3.12/site-packages/airflow/providers/standard/operators/bash.py","lineno":168,"name":"__init__"},{"filename":"/home/airflow/.local/lib/python3.12/site-packages/airflow/sdk/bases/operator.py","lineno":522,"name":"apply_defaults"},{"filename":"/home/airflow/.local/lib/python3.12/site-packages/airflow/sdk/bases/operator.py","lineno":1043,"name":"__init__"},{"filename":"/home/airflow/.local/lib/python3.12/site-packages/airflow/sdk/definitions/taskgroup.py","lineno":245,"name":"add"}],"is_group":false,"exceptions":[]}]}
{"timestamp":"2026-02-27T04:44:45.721852Z","level":"info","event":"Filling up the DagBag from /opt/airflow/dags/__pycache__/six_tasks.py","logger":"airflow.models.dagbag.BundleDagBag","filename":"dagbag.py","lineno":593}
{"timestamp":"2026-02-27T04:44:45.801777Z","level":"error","event":"Failed to import: /opt/airflow/dags/__pycache__/six_tasks.py","logger":"airflow.models.dagbag.BundleDagBag","filename":"dagbag.py","lineno":415,"error_detail":[{"exc_type":"DuplicateTaskIdFound","exc_value":"Task id 'task_F' has already been added to the Dag","exc_notes":[],"syntax_error":null,"is_cause":false,"frames":[{"filename":"/home/airflow/.local/lib/python3.12/site-packages/airflow/models/dagbag.py","lineno":405,"name":"parse"},{"filename":"<frozen importlib._bootstrap_external>","lineno":999,"name":"exec_module"},{"filename":"<frozen importlib._bootstrap>","lineno":488,"name":"_call_with_frames_removed"},{"filename":"/opt/airflow/dags/__pycache__/six_tasks.py","lineno":48,"name":"<module>"},{"filename":"/home/airflow/.local/lib/python3.12/site-packages/airflow/sdk/bases/operator.py","lineno":522,"name":"apply_defaults"},{"filename":"/home/airflow/.local/lib/python3.12/site-packages/airflow/providers/standard/operators/bash.py","lineno":168,"name":"__init__"},{"filename":"/home/airflow/.local/lib/python3.12/site-packages/airflow/sdk/bases/operator.py","lineno":522,"name":"apply_defaults"},{"filename":"/home/airflow/.local/lib/python3.12/site-packages/airflow/sdk/bases/operator.py","lineno":1043,"name":"__init__"},{"filename":"/home/airflow/.local/lib/python3.12/site-packages/airflow/sdk/definitions/taskgroup.py","lineno":245,"name":"add"}],"is_group":false,"exceptions":[]}]}
{"timestamp":"2026-02-27T04:44:49.797787Z","level":"info","event":"Filling up the DagBag from /opt/airflow/dags/__pycache__/six_tasks.py","logger":"airflow.models.dagbag.BundleDagBag","filename":"dagbag.py","lineno":593}
{"timestamp":"2026-02-27T04:44:52.769413Z","level":"info","event":"Filling up the DagBag from /opt/airflow/dags/__pycache__/six_tasks.py","logger":"airflow.models.dagbag.BundleDagBag","filename":"dagbag.py","lineno":593}
{"timestamp":"2026-02-27T04:44:52.840593Z","level":"error","event":"Failed to import: /opt/airflow/dags/__pycache__/six_tasks.py","logger":"airflow.models.dagbag.BundleDagBag","filename":"dagbag.py","lineno":415,"error_detail":[{"exc_type":"NameError","exc_value":"name 'V' is not defined","exc_notes":[],"syntax_error":null,"is_cause":false,"frames":[{"filename":"/home/airflow/.local/lib/python3.12/site-packages/airflow/models/dagbag.py","lineno":405,"name":"parse"},{"filename":"<frozen importlib._bootstrap_external>","lineno":999,"name":"exec_module"},{"filename":"<frozen importlib._bootstrap>","lineno":488,"name":"_call_with_frames_removed"},{"filename":"/opt/airflow/dags/__pycache__/six_tasks.py","lineno":54,"name":"<module>"}],"is_group":false,"exceptions":[]}]}
{"timestamp":"2026-02-27T04:44:54.592288Z","level":"info","event":"Filling up the DagBag from /opt/airflow/dags/__pycache__/six_tasks.py","logger":"airflow.models.dagbag.BundleDagBag","filename":"dagbag.py","lineno":593}
{"timestamp":"2026-02-27T04:44:54.692091Z","level":"error","event":"Failed to import: /opt/airflow/dags/__pycache__/six_tasks.py","logger":"airflow.models.dagbag.BundleDagBag","filename":"dagbag.py","lineno":415,"error_detail":[{"exc_type":"DuplicateTaskIdFound","exc_value":"Task id 'task_F' has already been added to the Dag","exc_notes":[],"syntax_error":null,"is_cause":false,"frames":[{"filename":"/home/airflow/.local/lib/python3.12/site-packages/airflow/models/dagbag.py","lineno":405,"name":"parse"},{"filename":"<frozen importlib._bootstrap_external>","lineno":999,"name":"exec_module"},{"filename":"<frozen importlib._bootstrap>","lineno":488,"name":"_call_with_frames_removed"},{"filename":"/opt/airflow/dags/__pycache__/six_tasks.py","lineno":54,"name":"<module>"},{"filename":"/home/airflow/.local/lib/python3.12/site-packages/airflow/sdk/bases/operator.py","lineno":522,"name":"apply_defaults"},{"filename":"/home/airflow/.local/lib/python3.12/site-packages/airflow/providers/standard/operators/bash.py","lineno":168,"name":"__init__"},{"filename":"/home/airflow/.local/lib/python3.12/site-packages/airflow/sdk/bases/operator.py","lineno":522,"name":"apply_defaults"},{"filename":"/home/airflow/.local/lib/python3.12/site-packages/airflow/sdk/bases/operator.py","lineno":1043,"name":"__init__"},{"filename":"/home/airflow/.local/lib/python3.12/site-packages/airflow/sdk/definitions/taskgroup.py","lineno":245,"name":"add"}],"is_group":false,"exceptions":[]}]}
{"timestamp":"2026-02-27T04:44:57.785472Z","level":"info","event":"Filling up the DagBag from /opt/airflow/dags/__pycache__/six_tasks.py","logger":"airflow.models.dagbag.BundleDagBag","filename":"dagbag.py","lineno":593}
{"timestamp":"2026-02-27T04:44:57.863267Z","level":"error","event":"Failed to import: /opt/airflow/dags/__pycache__/six_tasks.py","logger":"airflow.models.dagbag.BundleDagBag","filename":"dagbag.py","lineno":415,"error_detail":[{"exc_type":"DuplicateTaskIdFound","exc_value":"Task id 'task_F' has already been added to the Dag","exc_notes":[],"syntax_error":null,"is_cause":false,"frames":[{"filename":"/home/airflow/.local/lib/python3.12/site-packages/airflow/models/dagbag.py","lineno":405,"name":"parse"},{"filename":"<frozen importlib._bootstrap_external>","lineno":999,"name":"exec_module"},{"filename":"<frozen importlib._bootstrap>","lineno":488,"name":"_call_with_frames_removed"},{"filename":"/opt/airflow/dags/__pycache__/six_tasks.py","lineno":54,"name":"<module>"},{"filename":"/home/airflow/.local/lib/python3.12/site-packages/airflow/sdk/bases/operator.py","lineno":522,"name":"apply_defaults"},{"filename":"/home/airflow/.local/lib/python3.12/site-packages/airflow/providers/standard/operators/bash.py","lineno":168,"name":"__init__"},{"filename":"/home/airflow/.local/lib/python3.12/site-packages/airflow/sdk/bases/operator.py","lineno":522,"name":"apply_defaults"},{"filename":"/home/airflow/.local/lib/python3.12/site-packages/airflow/sdk/bases/operator.py","lineno":1043,"name":"__init__"},{"filename":"/home/airflow/.local/lib/python3.12/site-packages/airflow/sdk/definitions/taskgroup.py","lineno":245,"name":"add"}],"is_group":false,"exceptions":[]}]}
{"timestamp":"2026-02-27T04:45:03.708749Z","level":"info","event":"Filling up the DagBag from /opt/airflow/dags/__pycache__/six_tasks.py","logger":"airflow.models.dagbag.BundleDagBag","filename":"dagbag.py","lineno":593}
{"timestamp":"2026-02-27T04:45:12.754732Z","level":"info","event":"Filling up the DagBag from /opt/airflow/dags/__pycache__/six_tasks.py","logger":"airflow.models.dagbag.BundleDagBag","filename":"dagbag.py","lineno":593}
{"timestamp":"2026-02-27T04:45:14.665292Z","level":"info","event":"Filling up the DagBag from /opt/airflow/dags/__pycache__/six_tasks.py","logger":"airflow.models.dagbag.BundleDagBag","filename":"dagbag.py","lineno":593}
{"timestamp":"2026-02-27T04:45:17.914313Z","level":"info","event":"Filling up the DagBag from /opt/airflow/dags/__pycache__/six_tasks.py","logger":"airflow.models.dagbag.BundleDagBag","filename":"dagbag.py","lineno":593}
{"timestamp":"2026-02-27T04:45:19.707705Z","level":"info","event":"Filling up the DagBag from /opt/airflow/dags/__pycache__/six_tasks.py","logger":"airflow.models.dagbag.BundleDagBag","filename":"dagbag.py","lineno":593}
{"timestamp":"2026-02-27T04:45:21.195548Z","level":"info","event":"Filling up the DagBag from /opt/airflow/dags/__pycache__/six_tasks.py","logger":"airflow.models.dagbag.BundleDagBag","filename":"dagbag.py","lineno":593}
{"timestamp":"2026-02-27T04:45:22.875434Z","level":"info","event":"Filling up the DagBag from /opt/airflow/dags/__pycache__/six_tasks.py","logger":"airflow.models.dagbag.BundleDagBag","filename":"dagbag.py","lineno":593}
{"timestamp":"2026-02-27T04:45:25.078436Z","level":"info","event":"Filling up the DagBag from /opt/airflow/dags/__pycache__/six_tasks.py","logger":"airflow.models.dagbag.BundleDagBag","filename":"dagbag.py","lineno":593}
{"timestamp":"2026-02-27T04:45:25.666670Z","level":"info","event":"Filling up the DagBag from /opt/airflow/dags/__pycache__/six_tasks.py","logger":"airflow.models.dagbag.BundleDagBag","filename":"dagbag.py","lineno":593}
{"timestamp":"2026-02-27T04:45:26.205848Z","level":"info","event":"Filling up the DagBag from /opt/airflow/dags/__pycache__/six_tasks.py","logger":"airflow.models.dagbag.BundleDagBag","filename":"dagbag.py","lineno":593}
{"timestamp":"2026-02-27T04:45:56.515261Z","level":"info","event":"Filling up the DagBag from /opt/airflow/dags/__pycache__/six_tasks.py","logger":"airflow.models.dagbag.BundleDagBag","filename":"dagbag.py","lineno":593}
{"timestamp":"2026-02-27T04:46:05.597091Z","level":"info","event":"Filling up the DagBag from /opt/airflow/dags/__pycache__/six_tasks.py","logger":"airflow.models.dagbag.BundleDagBag","filename":"dagbag.py","lineno":593}
{"timestamp":"2026-02-27T04:46:08.885830Z","level":"info","event":"Filling up the DagBag from /opt/airflow/dags/__pycache__/six_tasks.py","logger":"airflow.models.dagbag.BundleDagBag","filename":"dagbag.py","lineno":593}
{"timestamp":"2026-02-27T04:46:11.180570Z","level":"info","event":"Filling up the DagBag from /opt/airflow/dags/__pycache__/six_tasks.py","logger":"airflow.models.dagbag.BundleDagBag","filename":"dagbag.py","lineno":593}
{"timestamp":"2026-02-27T04:46:15.303900Z","level":"info","event":"Filling up the DagBag from /opt/airflow/dags/__pycache__/six_tasks.py","logger":"airflow.models.dagbag.BundleDagBag","filename":"dagbag.py","lineno":593}
{"timestamp":"2026-02-27T04:46:20.975137Z","level":"info","event":"Filling up the DagBag from /opt/airflow/dags/__pycache__/six_tasks.py","logger":"airflow.models.dagbag.BundleDagBag","filename":"dagbag.py","lineno":593}
{"timestamp":"2026-02-27T04:46:51.403966Z","level":"info","event":"Filling up the DagBag from /opt/airflow/dags/__pycache__/six_tasks.py","logger":"airflow.models.dagbag.BundleDagBag","filename":"dagbag.py","lineno":593}
{"timestamp":"2026-02-27T04:47:22.151322Z","level":"info","event":"Filling up the DagBag from /opt/airflow/dags/__pycache__/six_tasks.py","logger":"airflow.models.dagbag.BundleDagBag","filename":"dagbag.py","lineno":593}
{"timestamp":"2026-02-27T04:47:52.783802Z","level":"info","event":"Filling up the DagBag from /opt/airflow/dags/__pycache__/six_tasks.py","logger":"airflow.models.dagbag.BundleDagBag","filename":"dagbag.py","lineno":593}
{"timestamp":"2026-02-27T04:48:23.613217Z","level":"info","event":"Filling up the DagBag from /opt/airflow/dags/__pycache__/six_tasks.py","logger":"airflow.models.dagbag.BundleDagBag","filename":"dagbag.py","lineno":593}
{"timestamp":"2026-02-27T04:48:54.165828Z","level":"info","event":"Filling up the DagBag from /opt/airflow/dags/__pycache__/six_tasks.py","logger":"airflow.models.dagbag.BundleDagBag","filename":"dagbag.py","lineno":593}
{"timestamp":"2026-02-27T04:49:25.052346Z","level":"info","event":"Filling up the DagBag from /opt/airflow/dags/__pycache__/six_tasks.py","logger":"airflow.models.dagbag.BundleDagBag","filename":"dagbag.py","lineno":593}
{"timestamp":"2026-02-27T04:49:55.452688Z","level":"info","event":"Filling up the DagBag from /opt/airflow/dags/__pycache__/six_tasks.py","logger":"airflow.models.dagbag.BundleDagBag","filename":"dagbag.py","lineno":593}
{"timestamp":"2026-02-27T04:50:25.873865Z","level":"info","event":"Filling up the DagBag from /opt/airflow/dags/__pycache__/six_tasks.py","logger":"airflow.models.dagbag.BundleDagBag","filename":"dagbag.py","lineno":593}
{"timestamp":"2026-02-27T04:50:56.370678Z","level":"info","event":"Filling up the DagBag from /opt/airflow/dags/__pycache__/six_tasks.py","logger":"airflow.models.dagbag.BundleDagBag","filename":"dagbag.py","lineno":593}
{"timestamp":"2026-02-27T04:51:26.744988Z","level":"info","event":"Filling up the DagBag from /opt/airflow/dags/__pycache__/six_tasks.py","logger":"airflow.models.dagbag.BundleDagBag","filename":"dagbag.py","lineno":593}
{"timestamp":"2026-02-27T04:51:57.315815Z","level":"info","event":"Filling up the DagBag from /opt/airflow/dags/__pycache__/six_tasks.py","logger":"airflow.models.dagbag.BundleDagBag","filename":"dagbag.py","lineno":593}
{"timestamp":"2026-02-27T04:52:28.152588Z","level":"info","event":"Filling up the DagBag from /opt/airflow/dags/__pycache__/six_tasks.py","logger":"airflow.models.dagbag.BundleDagBag","filename":"dagbag.py","lineno":593}
{"timestamp":"2026-02-27T04:52:59.592590Z","level":"info","event":"Filling up the DagBag from /opt/airflow/dags/__pycache__/six_tasks.py","logger":"airflow.models.dagbag.BundleDagBag","filename":"dagbag.py","lineno":593}
{"timestamp":"2026-02-27T04:53:30.339106Z","level":"info","event":"Filling up the DagBag from /opt/airflow/dags/__pycache__/six_tasks.py","logger":"airflow.models.dagbag.BundleDagBag","filename":"dagbag.py","lineno":593}
{"timestamp":"2026-02-27T04:54:01.071075Z","level":"info","event":"Filling up the DagBag from /opt/airflow/dags/__pycache__/six_tasks.py","logger":"airflow.models.dagbag.BundleDagBag","filename":"dagbag.py","lineno":593}
{"timestamp":"2026-02-27T04:54:31.875474Z","level":"info","event":"Filling up the DagBag from /opt/airflow/dags/__pycache__/six_tasks.py","logger":"airflow.models.dagbag.BundleDagBag","filename":"dagbag.py","lineno":593}
{"timestamp":"2026-02-27T04:55:02.705840Z","level":"info","event":"Filling up the DagBag from /opt/airflow/dags/__pycache__/six_tasks.py","logger":"airflow.models.dagbag.BundleDagBag","filename":"dagbag.py","lineno":593}
{"timestamp":"2026-02-27T04:55:33.336223Z","level":"info","event":"Filling up the DagBag from /opt/airflow/dags/__pycache__/six_tasks.py","logger":"airflow.models.dagbag.BundleDagBag","filename":"dagbag.py","lineno":593}
{"timestamp":"2026-02-27T04:56:03.754894Z","level":"info","event":"Filling up the DagBag from /opt/airflow/dags/__pycache__/six_tasks.py","logger":"airflow.models.dagbag.BundleDagBag","filename":"dagbag.py","lineno":593}
{"timestamp":"2026-02-27T04:56:34.389425Z","level":"info","event":"Filling up the DagBag from /opt/airflow/dags/__pycache__/six_tasks.py","logger":"airflow.models.dagbag.BundleDagBag","filename":"dagbag.py","lineno":593}
{"timestamp":"2026-02-27T04:57:05.106205Z","level":"info","event":"Filling up the DagBag from /opt/airflow/dags/__pycache__/six_tasks.py","logger":"airflow.models.dagbag.BundleDagBag","filename":"dagbag.py","lineno":593}
{"timestamp":"2026-02-27T04:57:35.624607Z","level":"info","event":"Filling up the DagBag from /opt/airflow/dags/__pycache__/six_tasks.py","logger":"airflow.models.dagbag.BundleDagBag","filename":"dagbag.py","lineno":593}
{"timestamp":"2026-02-27T04:58:06.052727Z","level":"info","event":"Filling up the DagBag from /opt/airflow/dags/__pycache__/six_tasks.py","logger":"airflow.models.dagbag.BundleDagBag","filename":"dagbag.py","lineno":593}
{"timestamp":"2026-02-27T04:58:36.287648Z","level":"info","event":"Filling up the DagBag from /opt/airflow/dags/__pycache__/six_tasks.py","logger":"airflow.models.dagbag.BundleDagBag","filename":"dagbag.py","lineno":593}
{"timestamp":"2026-02-27T04:59:06.814480Z","level":"info","event":"Filling up the DagBag from /opt/airflow/dags/__pycache__/six_tasks.py","logger":"airflow.models.dagbag.BundleDagBag","filename":"dagbag.py","lineno":593}
{"timestamp":"2026-02-27T04:59:37.316333Z","level":"info","event":"Filling up the DagBag from /opt/airflow/dags/__pycache__/six_tasks.py","logger":"airflow.models.dagbag.BundleDagBag","filename":"dagbag.py","lineno":593}
{"timestamp":"2026-02-27T05:00:07.793296Z","level":"info","event":"Filling up the DagBag from /opt/airflow/dags/__pycache__/six_tasks.py","logger":"airflow.models.dagbag.BundleDagBag","filename":"dagbag.py","lineno":593}
{"timestamp":"2026-02-27T05:00:38.412125Z","level":"info","event":"Filling up the DagBag from /opt/airflow/dags/__pycache__/six_tasks.py","logger":"airflow.models.dagbag.BundleDagBag","filename":"dagbag.py","lineno":593}
{"timestamp":"2026-02-27T05:01:08.774279Z","level":"info","event":"Filling up the DagBag from /opt/airflow/dags/__pycache__/six_tasks.py","logger":"airflow.models.dagbag.BundleDagBag","filename":"dagbag.py","lineno":593}
{"timestamp":"2026-02-27T05:01:39.019098Z","level":"info","event":"Filling up the DagBag from /opt/airflow/dags/__pycache__/six_tasks.py","logger":"airflow.models.dagbag.BundleDagBag","filename":"dagbag.py","lineno":593}
{"timestamp":"2026-02-27T05:02:09.369942Z","level":"info","event":"Filling up the DagBag from /opt/airflow/dags/__pycache__/six_tasks.py","logger":"airflow.models.dagbag.BundleDagBag","filename":"dagbag.py","lineno":593}
{"timestamp":"2026-02-27T05:02:39.899698Z","level":"info","event":"Filling up the DagBag from /opt/airflow/dags/__pycache__/six_tasks.py","logger":"airflow.models.dagbag.BundleDagBag","filename":"dagbag.py","lineno":593}
{"timestamp":"2026-02-27T05:03:10.842578Z","level":"info","event":"Filling up the DagBag from /opt/airflow/dags/__pycache__/six_tasks.py","logger":"airflow.models.dagbag.BundleDagBag","filename":"dagbag.py","lineno":593}
{"timestamp":"2026-02-27T05:03:41.986946Z","level":"info","event":"Filling up the DagBag from /opt/airflow/dags/__pycache__/six_tasks.py","logger":"airflow.models.dagbag.BundleDagBag","filename":"dagbag.py","lineno":593}
{"timestamp":"2026-02-27T05:04:12.715578Z","level":"info","event":"Filling up the DagBag from /opt/airflow/dags/__pycache__/six_tasks.py","logger":"airflow.models.dagbag.BundleDagBag","filename":"dagbag.py","lineno":593}
{"timestamp":"2026-02-27T05:04:43.106025Z","level":"info","event":"Filling up the DagBag from /opt/airflow/dags/__pycache__/six_tasks.py","logger":"airflow.models.dagbag.BundleDagBag","filename":"dagbag.py","lineno":593}
{"timestamp":"2026-02-27T05:05:13.460763Z","level":"info","event":"Filling up the DagBag from /opt/airflow/dags/__pycache__/six_tasks.py","logger":"airflow.models.dagbag.BundleDagBag","filename":"dagbag.py","lineno":593}
{"timestamp":"2026-02-27T05:05:43.868782Z","level":"info","event":"Filling up the DagBag from /opt/airflow/dags/__pycache__/six_tasks.py","logger":"airflow.models.dagbag.BundleDagBag","filename":"dagbag.py","lineno":593}
{"timestamp":"2026-02-27T05:06:14.573311Z","level":"info","event":"Filling up the DagBag from /opt/airflow/dags/__pycache__/six_tasks.py","logger":"airflow.models.dagbag.BundleDagBag","filename":"dagbag.py","lineno":593}
{"timestamp":"2026-02-27T05:06:44.891833Z","level":"info","event":"Filling up the DagBag from /opt/airflow/dags/__pycache__/six_tasks.py","logger":"airflow.models.dagbag.BundleDagBag","filename":"dagbag.py","lineno":593}
{"timestamp":"2026-02-27T05:07:15.917251Z","level":"info","event":"Filling up the DagBag from /opt/airflow/dags/__pycache__/six_tasks.py","logger":"airflow.models.dagbag.BundleDagBag","filename":"dagbag.py","lineno":593}
{"timestamp":"2026-02-27T05:07:46.728224Z","level":"info","event":"Filling up the DagBag from /opt/airflow/dags/__pycache__/six_tasks.py","logger":"airflow.models.dagbag.BundleDagBag","filename":"dagbag.py","lineno":593}
{"timestamp":"2026-02-27T05:08:17.180972Z","level":"info","event":"Filling up the DagBag from /opt/airflow/dags/__pycache__/six_tasks.py","logger":"airflow.models.dagbag.BundleDagBag","filename":"dagbag.py","lineno":593}
{"timestamp":"2026-02-27T05:08:48.470620Z","level":"info","event":"Filling up the DagBag from /opt/airflow/dags/__pycache__/six_tasks.py","logger":"airflow.models.dagbag.BundleDagBag","filename":"dagbag.py","lineno":593}
{"timestamp":"2026-02-27T05:09:19.663521Z","level":"info","event":"Filling up the DagBag from /opt/airflow/dags/__pycache__/six_tasks.py","logger":"airflow.models.dagbag.BundleDagBag","filename":"dagbag.py","lineno":593}
{"timestamp":"2026-02-27T05:09:50.333614Z","level":"info","event":"Filling up the DagBag from /opt/airflow/dags/__pycache__/six_tasks.py","logger":"airflow.models.dagbag.BundleDagBag","filename":"dagbag.py","lineno":593}
{"timestamp":"2026-02-27T05:10:20.726410Z","level":"info","event":"Filling up the DagBag from /opt/airflow/dags/__pycache__/six_tasks.py","logger":"airflow.models.dagbag.BundleDagBag","filename":"dagbag.py","lineno":593}
{"timestamp":"2026-02-27T05:10:51.478129Z","level":"info","event":"Filling up the DagBag from /opt/airflow/dags/__pycache__/six_tasks.py","logger":"airflow.models.dagbag.BundleDagBag","filename":"dagbag.py","lineno":593}
{"timestamp":"2026-02-27T05:11:21.847120Z","level":"info","event":"Filling up the DagBag from /opt/airflow/dags/__pycache__/six_tasks.py","logger":"airflow.models.dagbag.BundleDagBag","filename":"dagbag.py","lineno":593}
{"timestamp":"2026-02-27T05:11:52.387206Z","level":"info","event":"Filling up the DagBag from /opt/airflow/dags/__pycache__/six_tasks.py","logger":"airflow.models.dagbag.BundleDagBag","filename":"dagbag.py","lineno":593}
{"timestamp":"2026-02-27T05:12:23.296316Z","level":"info","event":"Filling up the DagBag from /opt/airflow/dags/__pycache__/six_tasks.py","logger":"airflow.models.dagbag.BundleDagBag","filename":"dagbag.py","lineno":593}
{"timestamp":"2026-02-27T05:12:54.345905Z","level":"info","event":"Filling up the DagBag from /opt/airflow/dags/__pycache__/six_tasks.py","logger":"airflow.models.dagbag.BundleDagBag","filename":"dagbag.py","lineno":593}
{"timestamp":"2026-02-27T05:13:24.607144Z","level":"info","event":"Filling up the DagBag from /opt/airflow/dags/__pycache__/six_tasks.py","logger":"airflow.models.dagbag.BundleDagBag","filename":"dagbag.py","lineno":593}
{"timestamp":"2026-02-27T05:13:55.279557Z","level":"info","event":"Filling up the DagBag from /opt/airflow/dags/__pycache__/six_tasks.py","logger":"airflow.models.dagbag.BundleDagBag","filename":"dagbag.py","lineno":593}
{"timestamp":"2026-02-27T05:14:25.532853Z","level":"info","event":"Filling up the DagBag from /opt/airflow/dags/__pycache__/six_tasks.py","logger":"airflow.models.dagbag.BundleDagBag","filename":"dagbag.py","lineno":593}
{"timestamp":"2026-02-27T05:14:56.405702Z","level":"info","event":"Filling up the DagBag from /opt/airflow/dags/__pycache__/six_tasks.py","logger":"airflow.models.dagbag.BundleDagBag","filename":"dagbag.py","lineno":593}
{"timestamp":"2026-02-27T05:15:26.867909Z","level":"info","event":"Filling up the DagBag from /opt/airflow/dags/__pycache__/six_tasks.py","logger":"airflow.models.dagbag.BundleDagBag","filename":"dagbag.py","lineno":593}
{"timestamp":"2026-02-27T05:15:57.221595Z","level":"info","event":"Filling up the DagBag from /opt/airflow/dags/__pycache__/six_tasks.py","logger":"airflow.models.dagbag.BundleDagBag","filename":"dagbag.py","lineno":593}
{"timestamp":"2026-02-27T05:16:28.101386Z","level":"info","event":"Filling up the DagBag from /opt/airflow/dags/__pycache__/six_tasks.py","logger":"airflow.models.dagbag.BundleDagBag","filename":"dagbag.py","lineno":593}
{"timestamp":"2026-02-27T05:16:58.744867Z","level":"info","event":"Filling up the DagBag from /opt/airflow/dags/__pycache__/six_tasks.py","logger":"airflow.models.dagbag.BundleDagBag","filename":"dagbag.py","lineno":593}
{"timestamp":"2026-02-27T05:17:29.104252Z","level":"info","event":"Filling up the DagBag from /opt/airflow/dags/__pycache__/six_tasks.py","logger":"airflow.models.dagbag.BundleDagBag","filename":"dagbag.py","lineno":593}
{"timestamp":"2026-02-27T05:17:59.823393Z","level":"info","event":"Filling up the DagBag from /opt/airflow/dags/__pycache__/six_tasks.py","logger":"airflow.models.dagbag.BundleDagBag","filename":"dagbag.py","lineno":593}
{"timestamp":"2026-02-27T05:18:30.093727Z","level":"info","event":"Filling up the DagBag from /opt/airflow/dags/__pycache__/six_tasks.py","logger":"airflow.models.dagbag.BundleDagBag","filename":"dagbag.py","lineno":593}
{"timestamp":"2026-02-27T05:19:00.685858Z","level":"info","event":"Filling up the DagBag from /opt/airflow/dags/__pycache__/six_tasks.py","logger":"airflow.models.dagbag.BundleDagBag","filename":"dagbag.py","lineno":593}
{"timestamp":"2026-02-27T05:19:30.982269Z","level":"info","event":"Filling up the DagBag from /opt/airflow/dags/__pycache__/six_tasks.py","logger":"airflow.models.dagbag.BundleDagBag","filename":"dagbag.py","lineno":593}
{"timestamp":"2026-02-27T05:20:01.399888Z","level":"info","event":"Filling up the DagBag from /opt/airflow/dags/__pycache__/six_tasks.py","logger":"airflow.models.dagbag.BundleDagBag","filename":"dagbag.py","lineno":593}
{"timestamp":"2026-02-27T05:20:32.270841Z","level":"info","event":"Filling up the DagBag from /opt/airflow/dags/__pycache__/six_tasks.py","logger":"airflow.models.dagbag.BundleDagBag","filename":"dagbag.py","lineno":593}
{"timestamp":"2026-02-27T05:21:02.744340Z","level":"info","event":"Filling up the DagBag from /opt/airflow/dags/__pycache__/six_tasks.py","logger":"airflow.models.dagbag.BundleDagBag","filename":"dagbag.py","lineno":593}
{"timestamp":"2026-02-27T05:21:33.116737Z","level":"info","event":"Filling up the DagBag from /opt/airflow/dags/__pycache__/six_tasks.py","logger":"airflow.models.dagbag.BundleDagBag","filename":"dagbag.py","lineno":593}
{"timestamp":"2026-02-27T05:22:04.309799Z","level":"info","event":"Filling up the DagBag from /opt/airflow/dags/__pycache__/six_tasks.py","logger":"airflow.models.dagbag.BundleDagBag","filename":"dagbag.py","lineno":593}
{"timestamp":"2026-02-27T05:22:34.572202Z","level":"info","event":"Filling up the DagBag from /opt/airflow/dags/__pycache__/six_tasks.py","logger":"airflow.models.dagbag.BundleDagBag","filename":"dagbag.py","lineno":593}
{"timestamp":"2026-02-27T05:23:04.912889Z","level":"info","event":"Filling up the DagBag from /opt/airflow/dags/__pycache__/six_tasks.py","logger":"airflow.models.dagbag.BundleDagBag","filename":"dagbag.py","lineno":593}
{"timestamp":"2026-02-27T05:23:35.401326Z","level":"info","event":"Filling up the DagBag from /opt/airflow/dags/__pycache__/six_tasks.py","logger":"airflow.models.dagbag.BundleDagBag","filename":"dagbag.py","lineno":593}
{"timestamp":"2026-02-27T05:24:05.813225Z","level":"info","event":"Filling up the DagBag from /opt/airflow/dags/__pycache__/six_tasks.py","logger":"airflow.models.dagbag.BundleDagBag","filename":"dagbag.py","lineno":593}
{"timestamp":"2026-02-27T05:24:36.989162Z","level":"info","event":"Filling up the DagBag from /opt/airflow/dags/__pycache__/six_tasks.py","logger":"airflow.models.dagbag.BundleDagBag","filename":"dagbag.py","lineno":593}
{"timestamp":"2026-02-27T05:25:07.562615Z","level":"info","event":"Filling up the DagBag from /opt/airflow/dags/__pycache__/six_tasks.py","logger":"airflow.models.dagbag.BundleDagBag","filename":"dagbag.py","lineno":593}
{"timestamp":"2026-02-27T05:25:38.159210Z","level":"info","event":"Filling up the DagBag from /opt/airflow/dags/__pycache__/six_tasks.py","logger":"airflow.models.dagbag.BundleDagBag","filename":"dagbag.py","lineno":593}
{"timestamp":"2026-02-27T05:26:08.619117Z","level":"info","event":"Filling up the DagBag from /opt/airflow/dags/__pycache__/six_tasks.py","logger":"airflow.models.dagbag.BundleDagBag","filename":"dagbag.py","lineno":593}
{"timestamp":"2026-02-27T05:26:39.255968Z","level":"info","event":"Filling up the DagBag from /opt/airflow/dags/__pycache__/six_tasks.py","logger":"airflow.models.dagbag.BundleDagBag","filename":"dagbag.py","lineno":593}
{"timestamp":"2026-02-27T05:27:09.646155Z","level":"info","event":"Filling up the DagBag from /opt/airflow/dags/__pycache__/six_tasks.py","logger":"airflow.models.dagbag.BundleDagBag","filename":"dagbag.py","lineno":593}
{"timestamp":"2026-02-27T05:27:40.169907Z","level":"info","event":"Filling up the DagBag from /opt/airflow/dags/__pycache__/six_tasks.py","logger":"airflow.models.dagbag.BundleDagBag","filename":"dagbag.py","lineno":593}
{"timestamp":"2026-02-27T05:28:10.600256Z","level":"info","event":"Filling up the DagBag from /opt/airflow/dags/__pycache__/six_tasks.py","logger":"airflow.models.dagbag.BundleDagBag","filename":"dagbag.py","lineno":593}
{"timestamp":"2026-02-27T05:28:41.822791Z","level":"info","event":"Filling up the DagBag from /opt/airflow/dags/__pycache__/six_tasks.py","logger":"airflow.models.dagbag.BundleDagBag","filename":"dagbag.py","lineno":593}
{"timestamp":"2026-02-27T05:29:12.869228Z","level":"info","event":"Filling up the DagBag from /opt/airflow/dags/__pycache__/six_tasks.py","logger":"airflow.models.dagbag.BundleDagBag","filename":"dagbag.py","lineno":593}
{"timestamp":"2026-02-27T05:29:43.257451Z","level":"info","event":"Filling up the DagBag from /opt/airflow/dags/__pycache__/six_tasks.py","logger":"airflow.models.dagbag.BundleDagBag","filename":"dagbag.py","lineno":593}
{"timestamp":"2026-02-27T05:30:13.663553Z","level":"info","event":"Filling up the DagBag from /opt/airflow/dags/__pycache__/six_tasks.py","logger":"airflow.models.dagbag.BundleDagBag","filename":"dagbag.py","lineno":593}
{"timestamp":"2026-02-27T05:30:44.051613Z","level":"info","event":"Filling up the DagBag from /opt/airflow/dags/__pycache__/six_tasks.py","logger":"airflow.models.dagbag.BundleDagBag","filename":"dagbag.py","lineno":593}
{"timestamp":"2026-02-27T05:31:14.512359Z","level":"info","event":"Filling up the DagBag from /opt/airflow/dags/__pycache__/six_tasks.py","logger":"airflow.models.dagbag.BundleDagBag","filename":"dagbag.py","lineno":593}
{"timestamp":"2026-02-27T05:31:45.164489Z","level":"info","event":"Filling up the DagBag from /opt/airflow/dags/__pycache__/six_tasks.py","logger":"airflow.models.dagbag.BundleDagBag","filename":"dagbag.py","lineno":593}
{"timestamp":"2026-02-27T05:32:16.081201Z","level":"info","event":"Filling up the DagBag from /opt/airflow/dags/__pycache__/six_tasks.py","logger":"airflow.models.dagbag.BundleDagBag","filename":"dagbag.py","lineno":593}
{"timestamp":"2026-02-27T05:32:46.471056Z","level":"info","event":"Filling up the DagBag from /opt/airflow/dags/__pycache__/six_tasks.py","logger":"airflow.models.dagbag.BundleDagBag","filename":"dagbag.py","lineno":593}
{"timestamp":"2026-02-27T05:33:17.119108Z","level":"info","event":"Filling up the DagBag from /opt/airflow/dags/__pycache__/six_tasks.py","logger":"airflow.models.dagbag.BundleDagBag","filename":"dagbag.py","lineno":593}
{"timestamp":"2026-02-27T05:33:47.365474Z","level":"info","event":"Filling up the DagBag from /opt/airflow/dags/__pycache__/six_tasks.py","logger":"airflow.models.dagbag.BundleDagBag","filename":"dagbag.py","lineno":593}
{"timestamp":"2026-02-27T05:34:18.056970Z","level":"info","event":"Filling up the DagBag from /opt/airflow/dags/__pycache__/six_tasks.py","logger":"airflow.models.dagbag.BundleDagBag","filename":"dagbag.py","lineno":593}
{"timestamp":"2026-02-27T05:34:48.708137Z","level":"info","event":"Filling up the DagBag from /opt/airflow/dags/__pycache__/six_tasks.py","logger":"airflow.models.dagbag.BundleDagBag","filename":"dagbag.py","lineno":593}
{"timestamp":"2026-02-27T05:35:19.529416Z","level":"info","event":"Filling up the DagBag from /opt/airflow/dags/__pycache__/six_tasks.py","logger":"airflow.models.dagbag.BundleDagBag","filename":"dagbag.py","lineno":593}
{"timestamp":"2026-02-27T05:35:50.451905Z","level":"info","event":"Filling up the DagBag from /opt/airflow/dags/__pycache__/six_tasks.py","logger":"airflow.models.dagbag.BundleDagBag","filename":"dagbag.py","lineno":593}
{"timestamp":"2026-02-27T05:36:21.334906Z","level":"info","event":"Filling up the DagBag from /opt/airflow/dags/__pycache__/six_tasks.py","logger":"airflow.models.dagbag.BundleDagBag","filename":"dagbag.py","lineno":593}
{"timestamp":"2026-02-27T05:36:51.775333Z","level":"info","event":"Filling up the DagBag from /opt/airflow/dags/__pycache__/six_tasks.py","logger":"airflow.models.dagbag.BundleDagBag","filename":"dagbag.py","lineno":593}
{"timestamp":"2026-02-27T05:37:22.268514Z","level":"info","event":"Filling up the DagBag from /opt/airflow/dags/__pycache__/six_tasks.py","logger":"airflow.models.dagbag.BundleDagBag","filename":"dagbag.py","lineno":593}
{"timestamp":"2026-02-27T05:37:53.230368Z","level":"info","event":"Filling up the DagBag from /opt/airflow/dags/__pycache__/six_tasks.py","logger":"airflow.models.dagbag.BundleDagBag","filename":"dagbag.py","lineno":593}
{"timestamp":"2026-02-27T05:38:24.186168Z","level":"info","event":"Filling up the DagBag from /opt/airflow/dags/__pycache__/six_tasks.py","logger":"airflow.models.dagbag.BundleDagBag","filename":"dagbag.py","lineno":593}
{"timestamp":"2026-02-27T05:38:54.431323Z","level":"info","event":"Filling up the DagBag from /opt/airflow/dags/__pycache__/six_tasks.py","logger":"airflow.models.dagbag.BundleDagBag","filename":"dagbag.py","lineno":593}
{"timestamp":"2026-02-27T05:39:24.878028Z","level":"info","event":"Filling up the DagBag from /opt/airflow/dags/__pycache__/six_tasks.py","logger":"airflow.models.dagbag.BundleDagBag","filename":"dagbag.py","lineno":593}
{"timestamp":"2026-02-27T05:39:55.446190Z","level":"info","event":"Filling up the DagBag from /opt/airflow/dags/__pycache__/six_tasks.py","logger":"airflow.models.dagbag.BundleDagBag","filename":"dagbag.py","lineno":593}
{"timestamp":"2026-02-27T05:40:26.123434Z","level":"info","event":"Filling up the DagBag from /opt/airflow/dags/__pycache__/six_tasks.py","logger":"airflow.models.dagbag.BundleDagBag","filename":"dagbag.py","lineno":593}
{"timestamp":"2026-02-27T05:40:57.059459Z","level":"info","event":"Filling up the DagBag from /opt/airflow/dags/__pycache__/six_tasks.py","logger":"airflow.models.dagbag.BundleDagBag","filename":"dagbag.py","lineno":593}
{"timestamp":"2026-02-27T05:41:27.854566Z","level":"info","event":"Filling up the DagBag from /opt/airflow/dags/__pycache__/six_tasks.py","logger":"airflow.models.dagbag.BundleDagBag","filename":"dagbag.py","lineno":593}
{"timestamp":"2026-02-27T05:41:58.513063Z","level":"info","event":"Filling up the DagBag from /opt/airflow/dags/__pycache__/six_tasks.py","logger":"airflow.models.dagbag.BundleDagBag","filename":"dagbag.py","lineno":593}
{"timestamp":"2026-02-27T05:42:28.960338Z","level":"info","event":"Filling up the DagBag from /opt/airflow/dags/__pycache__/six_tasks.py","logger":"airflow.models.dagbag.BundleDagBag","filename":"dagbag.py","lineno":593}
{"timestamp":"2026-02-27T05:42:59.320144Z","level":"info","event":"Filling up the DagBag from /opt/airflow/dags/__pycache__/six_tasks.py","logger":"airflow.models.dagbag.BundleDagBag","filename":"dagbag.py","lineno":593}
{"timestamp":"2026-02-27T05:43:29.887964Z","level":"info","event":"Filling up the DagBag from /opt/airflow/dags/__pycache__/six_tasks.py","logger":"airflow.models.dagbag.BundleDagBag","filename":"dagbag.py","lineno":593}
{"timestamp":"2026-02-27T05:44:00.655153Z","level":"info","event":"Filling up the DagBag from /opt/airflow/dags/__pycache__/six_tasks.py","logger":"airflow.models.dagbag.BundleDagBag","filename":"dagbag.py","lineno":593}
{"timestamp":"2026-02-27T05:44:31.074235Z","level":"info","event":"Filling up the DagBag from /opt/airflow/dags/__pycache__/six_tasks.py","logger":"airflow.models.dagbag.BundleDagBag","filename":"dagbag.py","lineno":593}
{"timestamp":"2026-02-27T05:45:01.545105Z","level":"info","event":"Filling up the DagBag from /opt/airflow/dags/__pycache__/six_tasks.py","logger":"airflow.models.dagbag.BundleDagBag","filename":"dagbag.py","lineno":593}
{"timestamp":"2026-02-27T05:45:32.309262Z","level":"info","event":"Filling up the DagBag from /opt/airflow/dags/__pycache__/six_tasks.py","logger":"airflow.models.dagbag.BundleDagBag","filename":"dagbag.py","lineno":593}
{"timestamp":"2026-02-27T05:46:02.825085Z","level":"info","event":"Filling up the DagBag from /opt/airflow/dags/__pycache__/six_tasks.py","logger":"airflow.models.dagbag.BundleDagBag","filename":"dagbag.py","lineno":593}
{"timestamp":"2026-02-27T05:46:33.305637Z","level":"info","event":"Filling up the DagBag from /opt/airflow/dags/__pycache__/six_tasks.py","logger":"airflow.models.dagbag.BundleDagBag","filename":"dagbag.py","lineno":593}
{"timestamp":"2026-02-27T05:47:04.313403Z","level":"info","event":"Filling up the DagBag from /opt/airflow/dags/__pycache__/six_tasks.py","logger":"airflow.models.dagbag.BundleDagBag","filename":"dagbag.py","lineno":593}
{"timestamp":"2026-02-27T05:47:34.597522Z","level":"info","event":"Filling up the DagBag from /opt/airflow/dags/__pycache__/six_tasks.py","logger":"airflow.models.dagbag.BundleDagBag","filename":"dagbag.py","lineno":593}
{"timestamp":"2026-02-27T05:48:05.037489Z","level":"info","event":"Filling up the DagBag from /opt/airflow/dags/__pycache__/six_tasks.py","logger":"airflow.models.dagbag.BundleDagBag","filename":"dagbag.py","lineno":593}
{"timestamp":"2026-02-27T05:48:35.523064Z","level":"info","event":"Filling up the DagBag from /opt/airflow/dags/__pycache__/six_tasks.py","logger":"airflow.models.dagbag.BundleDagBag","filename":"dagbag.py","lineno":593}
{"timestamp":"2026-02-27T05:49:06.510182Z","level":"info","event":"Filling up the DagBag from /opt/airflow/dags/__pycache__/six_tasks.py","logger":"airflow.models.dagbag.BundleDagBag","filename":"dagbag.py","lineno":593}
{"timestamp":"2026-02-27T05:49:36.783858Z","level":"info","event":"Filling up the DagBag from /opt/airflow/dags/__pycache__/six_tasks.py","logger":"airflow.models.dagbag.BundleDagBag","filename":"dagbag.py","lineno":593}
{"timestamp":"2026-02-27T05:50:07.182345Z","level":"info","event":"Filling up the DagBag from /opt/airflow/dags/__pycache__/six_tasks.py","logger":"airflow.models.dagbag.BundleDagBag","filename":"dagbag.py","lineno":593}
{"timestamp":"2026-02-27T05:50:37.472974Z","level":"info","event":"Filling up the DagBag from /opt/airflow/dags/__pycache__/six_tasks.py","logger":"airflow.models.dagbag.BundleDagBag","filename":"dagbag.py","lineno":593}
{"timestamp":"2026-02-27T05:51:07.828146Z","level":"info","event":"Filling up the DagBag from /opt/airflow/dags/__pycache__/six_tasks.py","logger":"airflow.models.dagbag.BundleDagBag","filename":"dagbag.py","lineno":593}
{"timestamp":"2026-02-27T05:51:38.881645Z","level":"info","event":"Filling up the DagBag from /opt/airflow/dags/__pycache__/six_tasks.py","logger":"airflow.models.dagbag.BundleDagBag","filename":"dagbag.py","lineno":593}
{"timestamp":"2026-02-27T05:52:09.793114Z","level":"info","event":"Filling up the DagBag from /opt/airflow/dags/__pycache__/six_tasks.py","logger":"airflow.models.dagbag.BundleDagBag","filename":"dagbag.py","lineno":593}
{"timestamp":"2026-02-27T05:52:40.091436Z","level":"info","event":"Filling up the DagBag from /opt/airflow/dags/__pycache__/six_tasks.py","logger":"airflow.models.dagbag.BundleDagBag","filename":"dagbag.py","lineno":593}
{"timestamp":"2026-02-27T05:53:10.467949Z","level":"info","event":"Filling up the DagBag from /opt/airflow/dags/__pycache__/six_tasks.py","logger":"airflow.models.dagbag.BundleDagBag","filename":"dagbag.py","lineno":593}
{"timestamp":"2026-02-27T05:53:41.457578Z","level":"info","event":"Filling up the DagBag from /opt/airflow/dags/__pycache__/six_tasks.py","logger":"airflow.models.dagbag.BundleDagBag","filename":"dagbag.py","lineno":593}
{"timestamp":"2026-02-27T05:54:11.778340Z","level":"info","event":"Filling up the DagBag from /opt/airflow/dags/__pycache__/six_tasks.py","logger":"airflow.models.dagbag.BundleDagBag","filename":"dagbag.py","lineno":593}
{"timestamp":"2026-02-27T05:54:42.557283Z","level":"info","event":"Filling up the DagBag from /opt/airflow/dags/__pycache__/six_tasks.py","logger":"airflow.models.dagbag.BundleDagBag","filename":"dagbag.py","lineno":593}
{"timestamp":"2026-02-27T05:55:12.840946Z","level":"info","event":"Filling up the DagBag from /opt/airflow/dags/__pycache__/six_tasks.py","logger":"airflow.models.dagbag.BundleDagBag","filename":"dagbag.py","lineno":593}
{"timestamp":"2026-02-27T05:55:43.595712Z","level":"info","event":"Filling up the DagBag from /opt/airflow/dags/__pycache__/six_tasks.py","logger":"airflow.models.dagbag.BundleDagBag","filename":"dagbag.py","lineno":593}
{"timestamp":"2026-02-27T05:56:14.136789Z","level":"info","event":"Filling up the DagBag from /opt/airflow/dags/__pycache__/six_tasks.py","logger":"airflow.models.dagbag.BundleDagBag","filename":"dagbag.py","lineno":593}
{"timestamp":"2026-02-27T05:56:44.611613Z","level":"info","event":"Filling up the DagBag from /opt/airflow/dags/__pycache__/six_tasks.py","logger":"airflow.models.dagbag.BundleDagBag","filename":"dagbag.py","lineno":593}
{"timestamp":"2026-02-27T05:57:15.337125Z","level":"info","event":"Filling up the DagBag from /opt/airflow/dags/__pycache__/six_tasks.py","logger":"airflow.models.dagbag.BundleDagBag","filename":"dagbag.py","lineno":593}
{"timestamp":"2026-02-27T05:57:45.697150Z","level":"info","event":"Filling up the DagBag from /opt/airflow/dags/__pycache__/six_tasks.py","logger":"airflow.models.dagbag.BundleDagBag","filename":"dagbag.py","lineno":593}
{"timestamp":"2026-02-27T05:58:15.944701Z","level":"info","event":"Filling up the DagBag from /opt/airflow/dags/__pycache__/six_tasks.py","logger":"airflow.models.dagbag.BundleDagBag","filename":"dagbag.py","lineno":593}
{"timestamp":"2026-02-27T05:58:46.812399Z","level":"info","event":"Filling up the DagBag from /opt/airflow/dags/__pycache__/six_tasks.py","logger":"airflow.models.dagbag.BundleDagBag","filename":"dagbag.py","lineno":593}
{"timestamp":"2026-02-27T05:59:17.347325Z","level":"info","event":"Filling up the DagBag from /opt/airflow/dags/__pycache__/six_tasks.py","logger":"airflow.models.dagbag.BundleDagBag","filename":"dagbag.py","lineno":593}
{"timestamp":"2026-02-27T05:59:47.639949Z","level":"info","event":"Filling up the DagBag from /opt/airflow/dags/__pycache__/six_tasks.py","logger":"airflow.models.dagbag.BundleDagBag","filename":"dagbag.py","lineno":593}
{"timestamp":"2026-02-27T06:00:18.143988Z","level":"info","event":"Filling up the DagBag from /opt/airflow/dags/__pycache__/six_tasks.py","logger":"airflow.models.dagbag.BundleDagBag","filename":"dagbag.py","lineno":593}
{"timestamp":"2026-02-27T06:00:48.526402Z","level":"info","event":"Filling up the DagBag from /opt/airflow/dags/__pycache__/six_tasks.py","logger":"airflow.models.dagbag.BundleDagBag","filename":"dagbag.py","lineno":593}
{"timestamp":"2026-02-27T06:01:19.444826Z","level":"info","event":"Filling up the DagBag from /opt/airflow/dags/__pycache__/six_tasks.py","logger":"airflow.models.dagbag.BundleDagBag","filename":"dagbag.py","lineno":593}
{"timestamp":"2026-02-27T06:01:50.392660Z","level":"info","event":"Filling up the DagBag from /opt/airflow/dags/__pycache__/six_tasks.py","logger":"airflow.models.dagbag.BundleDagBag","filename":"dagbag.py","lineno":593}
{"timestamp":"2026-02-27T06:02:20.768965Z","level":"info","event":"Filling up the DagBag from /opt/airflow/dags/__pycache__/six_tasks.py","logger":"airflow.models.dagbag.BundleDagBag","filename":"dagbag.py","lineno":593}
{"timestamp":"2026-02-27T06:02:51.077063Z","level":"info","event":"Filling up the DagBag from /opt/airflow/dags/__pycache__/six_tasks.py","logger":"airflow.models.dagbag.BundleDagBag","filename":"dagbag.py","lineno":593}
{"timestamp":"2026-02-27T06:03:21.376761Z","level":"info","event":"Filling up the DagBag from /opt/airflow/dags/__pycache__/six_tasks.py","logger":"airflow.models.dagbag.BundleDagBag","filename":"dagbag.py","lineno":593}
{"timestamp":"2026-02-27T06:03:52.279064Z","level":"info","event":"Filling up the DagBag from /opt/airflow/dags/__pycache__/six_tasks.py","logger":"airflow.models.dagbag.BundleDagBag","filename":"dagbag.py","lineno":593}
{"timestamp":"2026-02-27T06:04:22.672856Z","level":"info","event":"Filling up the DagBag from /opt/airflow/dags/__pycache__/six_tasks.py","logger":"airflow.models.dagbag.BundleDagBag","filename":"dagbag.py","lineno":593}
{"timestamp":"2026-02-27T06:04:53.346874Z","level":"info","event":"Filling up the DagBag from /opt/airflow/dags/__pycache__/six_tasks.py","logger":"airflow.models.dagbag.BundleDagBag","filename":"dagbag.py","lineno":593}
{"timestamp":"2026-02-27T06:31:38.249268Z","level":"info","event":"Filling up the DagBag from /opt/airflow/dags/__pycache__/six_tasks.py","logger":"airflow.models.dagbag.BundleDagBag","filename":"dagbag.py","lineno":593}
{"timestamp":"2026-02-27T06:32:08.753865Z","level":"info","event":"Filling up the DagBag from /opt/airflow/dags/__pycache__/six_tasks.py","logger":"airflow.models.dagbag.BundleDagBag","filename":"dagbag.py","lineno":593}
{"timestamp":"2026-02-27T06:32:39.055067Z","level":"info","event":"Filling up the DagBag from /opt/airflow/dags/__pycache__/six_tasks.py","logger":"airflow.models.dagbag.BundleDagBag","filename":"dagbag.py","lineno":593}
{"timestamp":"2026-02-27T06:33:09.824655Z","level":"info","event":"Filling up the DagBag from /opt/airflow/dags/__pycache__/six_tasks.py","logger":"airflow.models.dagbag.BundleDagBag","filename":"dagbag.py","lineno":593}
{"timestamp":"2026-02-27T06:33:40.270469Z","level":"info","event":"Filling up the DagBag from /opt/airflow/dags/__pycache__/six_tasks.py","logger":"airflow.models.dagbag.BundleDagBag","filename":"dagbag.py","lineno":593}
{"timestamp":"2026-02-27T06:34:10.905168Z","level":"info","event":"Filling up the DagBag from /opt/airflow/dags/__pycache__/six_tasks.py","logger":"airflow.models.dagbag.BundleDagBag","filename":"dagbag.py","lineno":593}
{"timestamp":"2026-02-27T06:34:41.574191Z","level":"info","event":"Filling up the DagBag from /opt/airflow/dags/__pycache__/six_tasks.py","logger":"airflow.models.dagbag.BundleDagBag","filename":"dagbag.py","lineno":593}
{"timestamp":"2026-02-27T06:35:12.015265Z","level":"info","event":"Filling up the DagBag from /opt/airflow/dags/__pycache__/six_tasks.py","logger":"airflow.models.dagbag.BundleDagBag","filename":"dagbag.py","lineno":593}
{"timestamp":"2026-02-27T06:35:42.601829Z","level":"info","event":"Filling up the DagBag from /opt/airflow/dags/__pycache__/six_tasks.py","logger":"airflow.models.dagbag.BundleDagBag","filename":"dagbag.py","lineno":593}
{"timestamp":"2026-02-27T06:36:13.269496Z","level":"info","event":"Filling up the DagBag from /opt/airflow/dags/__pycache__/six_tasks.py","logger":"airflow.models.dagbag.BundleDagBag","filename":"dagbag.py","lineno":593}
{"timestamp":"2026-02-27T06:36:43.705928Z","level":"info","event":"Filling up the DagBag from /opt/airflow/dags/__pycache__/six_tasks.py","logger":"airflow.models.dagbag.BundleDagBag","filename":"dagbag.py","lineno":593}
{"timestamp":"2026-02-27T06:37:14.099088Z","level":"info","event":"Filling up the DagBag from /opt/airflow/dags/__pycache__/six_tasks.py","logger":"airflow.models.dagbag.BundleDagBag","filename":"dagbag.py","lineno":593}
{"timestamp":"2026-02-27T06:37:44.557936Z","level":"info","event":"Filling up the DagBag from /opt/airflow/dags/__pycache__/six_tasks.py","logger":"airflow.models.dagbag.BundleDagBag","filename":"dagbag.py","lineno":593}
{"timestamp":"2026-02-27T06:38:14.985694Z","level":"info","event":"Filling up the DagBag from /opt/airflow/dags/__pycache__/six_tasks.py","logger":"airflow.models.dagbag.BundleDagBag","filename":"dagbag.py","lineno":593}
{"timestamp":"2026-02-27T06:38:45.398503Z","level":"info","event":"Filling up the DagBag from /opt/airflow/dags/__pycache__/six_tasks.py","logger":"airflow.models.dagbag.BundleDagBag","filename":"dagbag.py","lineno":593}
{"timestamp":"2026-02-27T06:39:15.776187Z","level":"info","event":"Filling up the DagBag from /opt/airflow/dags/__pycache__/six_tasks.py","logger":"airflow.models.dagbag.BundleDagBag","filename":"dagbag.py","lineno":593}
{"timestamp":"2026-02-27T06:39:46.169022Z","level":"info","event":"Filling up the DagBag from /opt/airflow/dags/__pycache__/six_tasks.py","logger":"airflow.models.dagbag.BundleDagBag","filename":"dagbag.py","lineno":593}
{"timestamp":"2026-02-27T06:40:16.756979Z","level":"info","event":"Filling up the DagBag from /opt/airflow/dags/__pycache__/six_tasks.py","logger":"airflow.models.dagbag.BundleDagBag","filename":"dagbag.py","lineno":593}
{"timestamp":"2026-02-27T06:40:47.274386Z","level":"info","event":"Filling up the DagBag from /opt/airflow/dags/__pycache__/six_tasks.py","logger":"airflow.models.dagbag.BundleDagBag","filename":"dagbag.py","lineno":593}
{"timestamp":"2026-02-27T06:41:17.625535Z","level":"info","event":"Filling up the DagBag from /opt/airflow/dags/__pycache__/six_tasks.py","logger":"airflow.models.dagbag.BundleDagBag","filename":"dagbag.py","lineno":593}
{"timestamp":"2026-02-27T06:41:48.259829Z","level":"info","event":"Filling up the DagBag from /opt/airflow/dags/__pycache__/six_tasks.py","logger":"airflow.models.dagbag.BundleDagBag","filename":"dagbag.py","lineno":593}
{"timestamp":"2026-02-27T06:42:19.174582Z","level":"info","event":"Filling up the DagBag from /opt/airflow/dags/__pycache__/six_tasks.py","logger":"airflow.models.dagbag.BundleDagBag","filename":"dagbag.py","lineno":593}
{"timestamp":"2026-02-27T06:42:49.766258Z","level":"info","event":"Filling up the DagBag from /opt/airflow/dags/__pycache__/six_tasks.py","logger":"airflow.models.dagbag.BundleDagBag","filename":"dagbag.py","lineno":593}
{"timestamp":"2026-02-27T06:43:20.026592Z","level":"info","event":"Filling up the DagBag from /opt/airflow/dags/__pycache__/six_tasks.py","logger":"airflow.models.dagbag.BundleDagBag","filename":"dagbag.py","lineno":593}
{"timestamp":"2026-02-27T06:43:50.293255Z","level":"info","event":"Filling up the DagBag from /opt/airflow/dags/__pycache__/six_tasks.py","logger":"airflow.models.dagbag.BundleDagBag","filename":"dagbag.py","lineno":593}
{"timestamp":"2026-02-27T06:44:20.608828Z","level":"info","event":"Filling up the DagBag from /opt/airflow/dags/__pycache__/six_tasks.py","logger":"airflow.models.dagbag.BundleDagBag","filename":"dagbag.py","lineno":593}
{"timestamp":"2026-02-27T06:44:51.136619Z","level":"info","event":"Filling up the DagBag from /opt/airflow/dags/__pycache__/six_tasks.py","logger":"airflow.models.dagbag.BundleDagBag","filename":"dagbag.py","lineno":593}
{"timestamp":"2026-02-27T06:45:21.578545Z","level":"info","event":"Filling up the DagBag from /opt/airflow/dags/__pycache__/six_tasks.py","logger":"airflow.models.dagbag.BundleDagBag","filename":"dagbag.py","lineno":593}
{"timestamp":"2026-02-27T06:45:58.627008Z","level":"info","event":"Filling up the DagBag from /opt/airflow/dags/__pycache__/six_tasks.py","logger":"airflow.models.dagbag.BundleDagBag","filename":"dagbag.py","lineno":593}
{"timestamp":"2026-02-27T06:46:29.856224Z","level":"info","event":"Filling up the DagBag from /opt/airflow/dags/__pycache__/six_tasks.py","logger":"airflow.models.dagbag.BundleDagBag","filename":"dagbag.py","lineno":593}
{"timestamp":"2026-02-27T06:47:00.304312Z","level":"info","event":"Filling up the DagBag from /opt/airflow/dags/__pycache__/six_tasks.py","logger":"airflow.models.dagbag.BundleDagBag","filename":"dagbag.py","lineno":593}
{"timestamp":"2026-02-27T06:47:30.691397Z","level":"info","event":"Filling up the DagBag from /opt/airflow/dags/__pycache__/six_tasks.py","logger":"airflow.models.dagbag.BundleDagBag","filename":"dagbag.py","lineno":593}
{"timestamp":"2026-02-27T06:48:01.324854Z","level":"info","event":"Filling up the DagBag from /opt/airflow/dags/__pycache__/six_tasks.py","logger":"airflow.models.dagbag.BundleDagBag","filename":"dagbag.py","lineno":593}
{"timestamp":"2026-02-27T06:48:32.203604Z","level":"info","event":"Filling up the DagBag from /opt/airflow/dags/__pycache__/six_tasks.py","logger":"airflow.models.dagbag.BundleDagBag","filename":"dagbag.py","lineno":593}
{"timestamp":"2026-02-27T06:49:02.508341Z","level":"info","event":"Filling up the DagBag from /opt/airflow/dags/__pycache__/six_tasks.py","logger":"airflow.models.dagbag.BundleDagBag","filename":"dagbag.py","lineno":593}
{"timestamp":"2026-02-27T06:49:32.925499Z","level":"info","event":"Filling up the DagBag from /opt/airflow/dags/__pycache__/six_tasks.py","logger":"airflow.models.dagbag.BundleDagBag","filename":"dagbag.py","lineno":593}
{"timestamp":"2026-02-27T06:50:03.301225Z","level":"info","event":"Filling up the DagBag from /opt/airflow/dags/__pycache__/six_tasks.py","logger":"airflow.models.dagbag.BundleDagBag","filename":"dagbag.py","lineno":593}
{"timestamp":"2026-02-27T06:50:33.769896Z","level":"info","event":"Filling up the DagBag from /opt/airflow/dags/__pycache__/six_tasks.py","logger":"airflow.models.dagbag.BundleDagBag","filename":"dagbag.py","lineno":593}
{"timestamp":"2026-02-27T06:51:04.327851Z","level":"info","event":"Filling up the DagBag from /opt/airflow/dags/__pycache__/six_tasks.py","logger":"airflow.models.dagbag.BundleDagBag","filename":"dagbag.py","lineno":593}
{"timestamp":"2026-02-27T06:51:34.854614Z","level":"info","event":"Filling up the DagBag from /opt/airflow/dags/__pycache__/six_tasks.py","logger":"airflow.models.dagbag.BundleDagBag","filename":"dagbag.py","lineno":593}
{"timestamp":"2026-02-27T06:52:05.307198Z","level":"info","event":"Filling up the DagBag from /opt/airflow/dags/__pycache__/six_tasks.py","logger":"airflow.models.dagbag.BundleDagBag","filename":"dagbag.py","lineno":593}
{"timestamp":"2026-02-27T06:52:35.690340Z","level":"info","event":"Filling up the DagBag from /opt/airflow/dags/__pycache__/six_tasks.py","logger":"airflow.models.dagbag.BundleDagBag","filename":"dagbag.py","lineno":593}
{"timestamp":"2026-02-27T06:53:06.238930Z","level":"info","event":"Filling up the DagBag from /opt/airflow/dags/__pycache__/six_tasks.py","logger":"airflow.models.dagbag.BundleDagBag","filename":"dagbag.py","lineno":593}
{"timestamp":"2026-02-27T06:53:36.671949Z","level":"info","event":"Filling up the DagBag from /opt/airflow/dags/__pycache__/six_tasks.py","logger":"airflow.models.dagbag.BundleDagBag","filename":"dagbag.py","lineno":593}
{"timestamp":"2026-02-27T06:54:07.062724Z","level":"info","event":"Filling up the DagBag from /opt/airflow/dags/__pycache__/six_tasks.py","logger":"airflow.models.dagbag.BundleDagBag","filename":"dagbag.py","lineno":593}
{"timestamp":"2026-02-27T06:54:37.480829Z","level":"info","event":"Filling up the DagBag from /opt/airflow/dags/__pycache__/six_tasks.py","logger":"airflow.models.dagbag.BundleDagBag","filename":"dagbag.py","lineno":593}
{"timestamp":"2026-02-27T06:55:08.198313Z","level":"info","event":"Filling up the DagBag from /opt/airflow/dags/__pycache__/six_tasks.py","logger":"airflow.models.dagbag.BundleDagBag","filename":"dagbag.py","lineno":593}
{"timestamp":"2026-02-27T06:55:38.545104Z","level":"info","event":"Filling up the DagBag from /opt/airflow/dags/__pycache__/six_tasks.py","logger":"airflow.models.dagbag.BundleDagBag","filename":"dagbag.py","lineno":593}
{"timestamp":"2026-02-27T06:56:09.012134Z","level":"info","event":"Filling up the DagBag from /opt/airflow/dags/__pycache__/six_tasks.py","logger":"airflow.models.dagbag.BundleDagBag","filename":"dagbag.py","lineno":593}
{"timestamp":"2026-02-27T06:56:39.625409Z","level":"info","event":"Filling up the DagBag from /opt/airflow/dags/__pycache__/six_tasks.py","logger":"airflow.models.dagbag.BundleDagBag","filename":"dagbag.py","lineno":593}
{"timestamp":"2026-02-27T06:57:10.302972Z","level":"info","event":"Filling up the DagBag from /opt/airflow/dags/__pycache__/six_tasks.py","logger":"airflow.models.dagbag.BundleDagBag","filename":"dagbag.py","lineno":593}
{"timestamp":"2026-02-27T06:57:40.829021Z","level":"info","event":"Filling up the DagBag from /opt/airflow/dags/__pycache__/six_tasks.py","logger":"airflow.models.dagbag.BundleDagBag","filename":"dagbag.py","lineno":593}
{"timestamp":"2026-02-27T06:58:11.238597Z","level":"info","event":"Filling up the DagBag from /opt/airflow/dags/__pycache__/six_tasks.py","logger":"airflow.models.dagbag.BundleDagBag","filename":"dagbag.py","lineno":593}
{"timestamp":"2026-02-27T06:58:41.581155Z","level":"info","event":"Filling up the DagBag from /opt/airflow/dags/__pycache__/six_tasks.py","logger":"airflow.models.dagbag.BundleDagBag","filename":"dagbag.py","lineno":593}
{"timestamp":"2026-02-27T06:59:11.913387Z","level":"info","event":"Filling up the DagBag from /opt/airflow/dags/__pycache__/six_tasks.py","logger":"airflow.models.dagbag.BundleDagBag","filename":"dagbag.py","lineno":593}
{"timestamp":"2026-02-27T06:59:42.295881Z","level":"info","event":"Filling up the DagBag from /opt/airflow/dags/__pycache__/six_tasks.py","logger":"airflow.models.dagbag.BundleDagBag","filename":"dagbag.py","lineno":593}
{"timestamp":"2026-02-27T07:00:12.930982Z","level":"info","event":"Filling up the DagBag from /opt/airflow/dags/__pycache__/six_tasks.py","logger":"airflow.models.dagbag.BundleDagBag","filename":"dagbag.py","lineno":593}
{"timestamp":"2026-02-27T07:00:43.589741Z","level":"info","event":"Filling up the DagBag from /opt/airflow/dags/__pycache__/six_tasks.py","logger":"airflow.models.dagbag.BundleDagBag","filename":"dagbag.py","lineno":593}
{"timestamp":"2026-02-27T07:01:14.177326Z","level":"info","event":"Filling up the DagBag from /opt/airflow/dags/__pycache__/six_tasks.py","logger":"airflow.models.dagbag.BundleDagBag","filename":"dagbag.py","lineno":593}
{"timestamp":"2026-02-27T07:01:44.459565Z","level":"info","event":"Filling up the DagBag from /opt/airflow/dags/__pycache__/six_tasks.py","logger":"airflow.models.dagbag.BundleDagBag","filename":"dagbag.py","lineno":593}
{"timestamp":"2026-02-27T07:02:15.014200Z","level":"info","event":"Filling up the DagBag from /opt/airflow/dags/__pycache__/six_tasks.py","logger":"airflow.models.dagbag.BundleDagBag","filename":"dagbag.py","lineno":593}
{"timestamp":"2026-02-27T07:02:45.352285Z","level":"info","event":"Filling up the DagBag from /opt/airflow/dags/__pycache__/six_tasks.py","logger":"airflow.models.dagbag.BundleDagBag","filename":"dagbag.py","lineno":593}
{"timestamp":"2026-02-27T07:03:15.747704Z","level":"info","event":"Filling up the DagBag from /opt/airflow/dags/__pycache__/six_tasks.py","logger":"airflow.models.dagbag.BundleDagBag","filename":"dagbag.py","lineno":593}
{"timestamp":"2026-02-27T07:03:46.417027Z","level":"info","event":"Filling up the DagBag from /opt/airflow/dags/__pycache__/six_tasks.py","logger":"airflow.models.dagbag.BundleDagBag","filename":"dagbag.py","lineno":593}
{"timestamp":"2026-02-27T07:04:16.960534Z","level":"info","event":"Filling up the DagBag from /opt/airflow/dags/__pycache__/six_tasks.py","logger":"airflow.models.dagbag.BundleDagBag","filename":"dagbag.py","lineno":593}
{"timestamp":"2026-02-27T07:04:47.988633Z","level":"info","event":"Filling up the DagBag from /opt/airflow/dags/__pycache__/six_tasks.py","logger":"airflow.models.dagbag.BundleDagBag","filename":"dagbag.py","lineno":593}
{"timestamp":"2026-02-27T07:05:18.577341Z","level":"info","event":"Filling up the DagBag from /opt/airflow/dags/__pycache__/six_tasks.py","logger":"airflow.models.dagbag.BundleDagBag","filename":"dagbag.py","lineno":593}
{"timestamp":"2026-02-27T07:05:48.907040Z","level":"info","event":"Filling up the DagBag from /opt/airflow/dags/__pycache__/six_tasks.py","logger":"airflow.models.dagbag.BundleDagBag","filename":"dagbag.py","lineno":593}
{"timestamp":"2026-02-27T07:06:19.296086Z","level":"info","event":"Filling up the DagBag from /opt/airflow/dags/__pycache__/six_tasks.py","logger":"airflow.models.dagbag.BundleDagBag","filename":"dagbag.py","lineno":593}
{"timestamp":"2026-02-27T07:06:49.649653Z","level":"info","event":"Filling up the DagBag from /opt/airflow/dags/__pycache__/six_tasks.py","logger":"airflow.models.dagbag.BundleDagBag","filename":"dagbag.py","lineno":593}
{"timestamp":"2026-02-27T07:07:20.027766Z","level":"info","event":"Filling up the DagBag from /opt/airflow/dags/__pycache__/six_tasks.py","logger":"airflow.models.dagbag.BundleDagBag","filename":"dagbag.py","lineno":593}
{"timestamp":"2026-02-27T07:07:50.778215Z","level":"info","event":"Filling up the DagBag from /opt/airflow/dags/__pycache__/six_tasks.py","logger":"airflow.models.dagbag.BundleDagBag","filename":"dagbag.py","lineno":593}
{"timestamp":"2026-02-27T07:08:21.781451Z","level":"info","event":"Filling up the DagBag from /opt/airflow/dags/__pycache__/six_tasks.py","logger":"airflow.models.dagbag.BundleDagBag","filename":"dagbag.py","lineno":593}
{"timestamp":"2026-02-27T07:08:52.244847Z","level":"info","event":"Filling up the DagBag from /opt/airflow/dags/__pycache__/six_tasks.py","logger":"airflow.models.dagbag.BundleDagBag","filename":"dagbag.py","lineno":593}
{"timestamp":"2026-02-27T07:09:22.698481Z","level":"info","event":"Filling up the DagBag from /opt/airflow/dags/__pycache__/six_tasks.py","logger":"airflow.models.dagbag.BundleDagBag","filename":"dagbag.py","lineno":593}
{"timestamp":"2026-02-27T07:09:53.262536Z","level":"info","event":"Filling up the DagBag from /opt/airflow/dags/__pycache__/six_tasks.py","logger":"airflow.models.dagbag.BundleDagBag","filename":"dagbag.py","lineno":593}
{"timestamp":"2026-02-27T07:10:23.722604Z","level":"info","event":"Filling up the DagBag from /opt/airflow/dags/__pycache__/six_tasks.py","logger":"airflow.models.dagbag.BundleDagBag","filename":"dagbag.py","lineno":593}
{"timestamp":"2026-02-27T07:10:54.025758Z","level":"info","event":"Filling up the DagBag from /opt/airflow/dags/__pycache__/six_tasks.py","logger":"airflow.models.dagbag.BundleDagBag","filename":"dagbag.py","lineno":593}
{"timestamp":"2026-02-27T07:11:24.984519Z","level":"info","event":"Filling up the DagBag from /opt/airflow/dags/__pycache__/six_tasks.py","logger":"airflow.models.dagbag.BundleDagBag","filename":"dagbag.py","lineno":593}
{"timestamp":"2026-02-27T07:11:55.316005Z","level":"info","event":"Filling up the DagBag from /opt/airflow/dags/__pycache__/six_tasks.py","logger":"airflow.models.dagbag.BundleDagBag","filename":"dagbag.py","lineno":593}
{"timestamp":"2026-02-27T07:12:25.711876Z","level":"info","event":"Filling up the DagBag from /opt/airflow/dags/__pycache__/six_tasks.py","logger":"airflow.models.dagbag.BundleDagBag","filename":"dagbag.py","lineno":593}
{"timestamp":"2026-02-27T07:12:56.109608Z","level":"info","event":"Filling up the DagBag from /opt/airflow/dags/__pycache__/six_tasks.py","logger":"airflow.models.dagbag.BundleDagBag","filename":"dagbag.py","lineno":593}
{"timestamp":"2026-02-27T07:13:26.448569Z","level":"info","event":"Filling up the DagBag from /opt/airflow/dags/__pycache__/six_tasks.py","logger":"airflow.models.dagbag.BundleDagBag","filename":"dagbag.py","lineno":593}
{"timestamp":"2026-02-27T07:13:56.752882Z","level":"info","event":"Filling up the DagBag from /opt/airflow/dags/__pycache__/six_tasks.py","logger":"airflow.models.dagbag.BundleDagBag","filename":"dagbag.py","lineno":593}
{"timestamp":"2026-02-27T07:14:27.276018Z","level":"info","event":"Filling up the DagBag from /opt/airflow/dags/__pycache__/six_tasks.py","logger":"airflow.models.dagbag.BundleDagBag","filename":"dagbag.py","lineno":593}
